***Starting server on port 8813 ***
Loading net-file from 'D:\AI Traffic Flow\netsignal_sumo\config\../network/grid6x6.net.xml' ... done (53ms).
Loading route-files incrementally from 'D:\AI Traffic Flow\netsignal_sumo\config\../flows/flow.xml'
Loading done.
Simulation started with time: 0.00.
Simulation ended at time: 960.00.
Performance:
 Duration: 206.04s
 TraCI-Duration: 168.75s
 Real time factor: 4.6592
 UPS: 285.662286
Vehicles:
 Inserted: 290 (Loaded: 5189)
 Running: 140
 Waiting: 4899
Statistics (avg of 150):
 RouteLength: 1528.13
 Speed: 8.22
 Duration: 200.10
 WaitingTime: 50.49
 TimeLoss: 84.55
 DepartDelay: 7.53
DijkstraRouter answered 315 queries and explored 63.74 edges on average.
DijkstraRouter spent 0.04s answering queries (0.12ms on average).
